121 : 2023-07-28 16:11:16,492 : INFO : telemetry.main : Attempt start. Configuration directory [/home/akshat/.azure].
121 : 2023-07-28 16:11:16,492 : INFO : telemetry.check : Positive: The /home/akshat/.azure/telemetry.txt does not exist.
121 : 2023-07-28 16:11:16,492 : DEBUG : telemetry.note : acquiring lock
121 : 2023-07-28 16:11:16,493 : DEBUG : telemetry.note : acquired lock
121 : 2023-07-28 16:11:16,493 : INFO : telemetry.note : Update the note mtime to 2023-07-28 16:11:16.493140
121 : 2023-07-28 16:11:16,493 : WARNING : telemetry.note : Fail to parse or read the timestamp 'N/A' in the note file. Set the last send time to minimal. Reason: not readable
121 : 2023-07-28 16:11:16,494 : INFO : telemetry.records : 1 cache files to move.
121 : 2023-07-28 16:11:16,494 : INFO : telemetry.records : Create temp folder /tmp/tmpt5f2wjlr
121 : 2023-07-28 16:11:16,494 : INFO : telemetry.records : Move file /home/akshat/.azure/telemetry/cache to /tmp/tmpt5f2wjlr/cache
121 : 2023-07-28 16:11:16,496 : INFO : telemetry.records : Processed file /tmp/tmpt5f2wjlr/cache into 1 records.
121 : 2023-07-28 16:11:16,497 : INFO : telemetry.records : Remove directory /tmp/tmpt5f2wjlr
121 : 2023-07-28 16:11:16,497 : INFO : telemetry.client : Accumulated 1 events. Flush the clients.
121 : 2023-07-28 16:11:16,497 : INFO : telemetry.client : Flush client c4395b75-49cc-422c-bc95-c7d51aef5d46.
121 : 2023-07-28 16:11:17,201 : INFO : telemetry.sender : Sending 3838 bytes
121 : 2023-07-28 16:11:17,201 : INFO : telemetry.sender : Finish uploading in 0.704029 seconds.
121 : 2023-07-28 16:11:17,202 : INFO : telemetry.note : Update the last send in note to 2023-07-28 16:11:16
121 : 2023-07-28 16:11:17,202 : INFO : telemetry.note : Update the note mtime to 2023-07-28 16:11:17.202552
108 : 2023-07-31 07:07:51,046 : INFO : telemetry.main : Attempt start. Configuration directory [/home/akshat/.azure].
108 : 2023-07-31 07:07:51,052 : INFO : telemetry.check : Returns Positive.
108 : 2023-07-31 07:07:51,052 : DEBUG : telemetry.note : acquiring lock
108 : 2023-07-31 07:07:51,052 : DEBUG : telemetry.note : acquired lock
108 : 2023-07-31 07:07:51,052 : INFO : telemetry.note : Update the note mtime to 2023-07-31 07:07:51.052610
108 : 2023-07-31 07:07:51,055 : INFO : telemetry.note : Read timestamp from the note. The last send was 2023-07-28 16:11:16.
108 : 2023-07-31 07:07:51,056 : INFO : telemetry.records : 1 cache files to move.
108 : 2023-07-31 07:07:51,056 : INFO : telemetry.records : Create temp folder /tmp/tmp8e_jxd74
108 : 2023-07-31 07:07:51,064 : INFO : telemetry.records : Move file /home/akshat/.azure/telemetry/cache to /tmp/tmp8e_jxd74/cache
108 : 2023-07-31 07:07:51,064 : INFO : telemetry.records : Processed file /tmp/tmp8e_jxd74/cache into 3 records.
108 : 2023-07-31 07:07:51,065 : INFO : telemetry.records : Remove directory /tmp/tmp8e_jxd74
108 : 2023-07-31 07:07:51,066 : INFO : telemetry.client : Accumulated 3 events. Flush the clients.
108 : 2023-07-31 07:07:51,066 : INFO : telemetry.client : Flush client c4395b75-49cc-422c-bc95-c7d51aef5d46.
108 : 2023-07-31 07:07:51,778 : INFO : telemetry.sender : Sending 11556 bytes
108 : 2023-07-31 07:07:51,779 : INFO : telemetry.sender : Finish uploading in 0.712400 seconds.
108 : 2023-07-31 07:07:51,779 : INFO : telemetry.note : Update the last send in note to 2023-07-31 07:07:50
108 : 2023-07-31 07:07:51,779 : INFO : telemetry.note : Update the note mtime to 2023-07-31 07:07:51.779796
110 : 2023-08-01 04:43:17,524 : INFO : telemetry.main : Attempt start. Configuration directory [/home/akshat/.azure].
110 : 2023-08-01 04:43:17,529 : INFO : telemetry.check : Returns Positive.
110 : 2023-08-01 04:43:17,529 : DEBUG : telemetry.note : acquiring lock
110 : 2023-08-01 04:43:17,529 : DEBUG : telemetry.note : acquired lock
110 : 2023-08-01 04:43:17,529 : INFO : telemetry.note : Update the note mtime to 2023-08-01 04:43:17.529667
110 : 2023-08-01 04:43:17,532 : INFO : telemetry.note : Read timestamp from the note. The last send was 2023-07-31 07:07:50.
110 : 2023-08-01 04:43:17,533 : INFO : telemetry.records : 1 cache files to move.
110 : 2023-08-01 04:43:17,533 : INFO : telemetry.records : Create temp folder /tmp/tmpi6mh1p0l
110 : 2023-08-01 04:43:17,533 : INFO : telemetry.records : Move file /home/akshat/.azure/telemetry/cache to /tmp/tmpi6mh1p0l/cache
110 : 2023-08-01 04:43:17,534 : INFO : telemetry.records : Processed file /tmp/tmpi6mh1p0l/cache into 2 records.
110 : 2023-08-01 04:43:17,534 : INFO : telemetry.records : Remove directory /tmp/tmpi6mh1p0l
110 : 2023-08-01 04:43:17,535 : INFO : telemetry.client : Accumulated 2 events. Flush the clients.
110 : 2023-08-01 04:43:17,535 : INFO : telemetry.client : Flush client c4395b75-49cc-422c-bc95-c7d51aef5d46.
110 : 2023-08-01 04:43:18,274 : INFO : telemetry.sender : Sending 7654 bytes
110 : 2023-08-01 04:43:18,275 : INFO : telemetry.sender : Finish uploading in 0.739824 seconds.
110 : 2023-08-01 04:43:18,276 : INFO : telemetry.note : Update the last send in note to 2023-08-01 04:43:17
110 : 2023-08-01 04:43:18,276 : INFO : telemetry.note : Update the note mtime to 2023-08-01 04:43:18.276098
